[06/06/23 21:30:10][DEBUG] Tree is created
[06/06/23 21:30:10][DEBUG] AVL tree is created
[06/06/23 21:30:10][WARNING] Database constructor
[06/06/23 21:30:12][DEBUG] Allocated allocator with 2048000 bytes of memory at 0x7f7888a2d010
[06/06/23 21:30:12][DEBUG] Start finding memory block for allocator with size 56 bytes
[06/06/23 21:30:12][DEBUG] Found first fit block with size 56 at 0x7f7888a2d050
[06/06/23 21:30:12][DEBUG] Allocated block 40 bytes of memory at 0x7f7888a2d050
[06/06/23 21:30:12][DEBUG] Start finding memory block for allocator with size 88 bytes
[06/06/23 21:30:12][DEBUG] Found first fit block with size 88 at 0x7f7888a2d0a0
[06/06/23 21:30:12][DEBUG] Allocated block 72 bytes of memory at 0x7f7888a2d0a0
[06/06/23 21:30:12][DEBUG] Tree is created
[06/06/23 21:30:12][DEBUG] AVL tree is created
[06/06/23 21:30:12][WARNING] Pool constructor
[06/06/23 21:30:12][INFO] Memory for pool is allocated
[06/06/23 21:30:12][DEBUG] subtree_root_address is nullptr. Start creating a new node
[06/06/23 21:30:12][DEBUG] Created node is 0x14c44a0
[06/06/23 21:30:12][DEBUG] 0x14c44a0
[06/06/23 21:30:12][DEBUG] ______Fix height______
[06/06/23 21:30:12][DEBUG] Fix height left, right {0, 0}
[06/06/23 21:30:12][DEBUG] Now height is 1
[06/06/23 21:30:12][DEBUG] balance factor has ended
[06/06/23 21:30:12][DEBUG] Balance factor 0
[06/06/23 21:30:12][DEBUG] After insert inner ended
[06/06/23 21:30:12][INFO] Pool created
[06/06/23 21:30:12][DEBUG] created pool outside
[06/06/23 21:30:12][DEBUG] Start finding memory block for allocator with size 56 bytes
[06/06/23 21:30:12][DEBUG] Found first fit block with size 56 at 0x7f7888a2d110
[06/06/23 21:30:12][DEBUG] Allocated block 40 bytes of memory at 0x7f7888a2d110
[06/06/23 21:30:12][DEBUG] Start finding memory block for allocator with size 88 bytes
[06/06/23 21:30:12][DEBUG] Found first fit block with size 88 at 0x7f7888a2d160
[06/06/23 21:30:12][DEBUG] Allocated block 72 bytes of memory at 0x7f7888a2d160
[06/06/23 21:30:12][DEBUG] Tree is created
[06/06/23 21:30:12][DEBUG] AVL tree is created
[06/06/23 21:30:12][WARNING] Scheme constructor
[06/06/23 21:30:12][INFO] Memory for scheme is allocated
[06/06/23 21:30:12][DEBUG] subtree_root_address is nullptr. Start creating a new node
[06/06/23 21:30:12][DEBUG] Start finding memory block for allocator with size 112 bytes
[06/06/23 21:30:12][DEBUG] Found first fit block with size 112 at 0x7f7888a2d1d0
[06/06/23 21:30:12][DEBUG] Allocated block 96 bytes of memory at 0x7f7888a2d1d0
[06/06/23 21:30:12][DEBUG] Created node is 0x7f7888a2d1d0
[06/06/23 21:30:12][DEBUG] 0x7f7888a2d1d0
[06/06/23 21:30:12][DEBUG] ______Fix height______
[06/06/23 21:30:12][DEBUG] Fix height left, right {0, 0}
[06/06/23 21:30:12][DEBUG] Now height is 1
[06/06/23 21:30:12][DEBUG] balance factor has ended
[06/06/23 21:30:12][DEBUG] Balance factor 0
[06/06/23 21:30:12][DEBUG] After insert inner ended
[06/06/23 21:30:12][INFO] Scheme created
[06/06/23 21:30:12][DEBUG] created scheme outside
[06/06/23 21:30:12][DEBUG] Start finding memory block for allocator with size 56 bytes
[06/06/23 21:30:12][DEBUG] Found first fit block with size 56 at 0x7f7888a2d258
[06/06/23 21:30:12][DEBUG] Allocated block 40 bytes of memory at 0x7f7888a2d258
[06/06/23 21:30:12][DEBUG] Start finding memory block for allocator with size 88 bytes
[06/06/23 21:30:12][DEBUG] Found first fit block with size 88 at 0x7f7888a2d2a8
[06/06/23 21:30:12][DEBUG] Allocated block 72 bytes of memory at 0x7f7888a2d2a8
[06/06/23 21:30:12][DEBUG] Tree is created
[06/06/23 21:30:12][DEBUG] AVL tree is created
[06/06/23 21:30:12][WARNING] Collection constructor
[06/06/23 21:30:12][INFO] Memory for collection is allocated
[06/06/23 21:30:12][DEBUG] subtree_root_address is nullptr. Start creating a new node
[06/06/23 21:30:12][DEBUG] Start finding memory block for allocator with size 112 bytes
[06/06/23 21:30:12][DEBUG] Found first fit block with size 112 at 0x7f7888a2d318
[06/06/23 21:30:12][DEBUG] Allocated block 96 bytes of memory at 0x7f7888a2d318
[06/06/23 21:30:12][DEBUG] Created node is 0x7f7888a2d318
[06/06/23 21:30:12][DEBUG] 0x7f7888a2d318
[06/06/23 21:30:12][DEBUG] ______Fix height______
[06/06/23 21:30:12][DEBUG] Fix height left, right {0, 0}
[06/06/23 21:30:12][DEBUG] Now height is 1
[06/06/23 21:30:12][DEBUG] balance factor has ended
[06/06/23 21:30:12][DEBUG] Balance factor 0
[06/06/23 21:30:12][DEBUG] After insert inner ended
[06/06/23 21:30:12][INFO] Collection created
[06/06/23 21:30:12][DEBUG] created collection outside
[06/06/23 21:30:12][DEBUG] subtree_root_address is nullptr. Start creating a new node
[06/06/23 21:30:12][DEBUG] Start finding memory block for allocator with size 320 bytes
[06/06/23 21:30:12][DEBUG] Found first fit block with size 320 at 0x7f7888a2d3a0
[06/06/23 21:30:12][DEBUG] Allocated block 304 bytes of memory at 0x7f7888a2d3a0
[06/06/23 21:30:12][DEBUG] Created node is 0x7f7888a2d3a0
[06/06/23 21:30:12][DEBUG] 0x7f7888a2d3a0
[06/06/23 21:30:12][DEBUG] ______Fix height______
[06/06/23 21:30:12][DEBUG] Fix height left, right {0, 0}
[06/06/23 21:30:12][DEBUG] Now height is 1
[06/06/23 21:30:12][DEBUG] balance factor has ended
[06/06/23 21:30:12][DEBUG] Balance factor 0
[06/06/23 21:30:12][DEBUG] After insert inner ended
[06/06/23 21:30:12][INFO] Note created
[06/06/23 21:30:12][DEBUG] created note outside
[06/06/23 21:30:12][DEBUG] Move right
[06/06/23 21:30:12][DEBUG] subtree_root_address is nullptr. Start creating a new node
[06/06/23 21:30:12][DEBUG] Start finding memory block for allocator with size 320 bytes
[06/06/23 21:30:12][DEBUG] Found first fit block with size 320 at 0x7f7888a2d4f8
[06/06/23 21:30:12][DEBUG] Allocated block 304 bytes of memory at 0x7f7888a2d4f8
[06/06/23 21:30:12][DEBUG] Created node is 0x7f7888a2d4f8
[06/06/23 21:30:12][DEBUG] 0x7f7888a2d4f8
[06/06/23 21:30:12][DEBUG] ______Fix height______
[06/06/23 21:30:12][DEBUG] Fix height left, right {0, 0}
[06/06/23 21:30:12][DEBUG] Now height is 1
[06/06/23 21:30:12][DEBUG] balance factor has ended
[06/06/23 21:30:12][DEBUG] Balance factor 0
[06/06/23 21:30:12][DEBUG] After insert inner ended
[06/06/23 21:30:12][DEBUG] after inner #3
[06/06/23 21:30:12][DEBUG] 0x7f7888a2d3a0
[06/06/23 21:30:12][DEBUG] ______Fix height______
[06/06/23 21:30:12][DEBUG] Fix height left, right {0, 1}
[06/06/23 21:30:12][DEBUG] Now height is 2
[06/06/23 21:30:12][DEBUG] balance factor has ended
[06/06/23 21:30:12][DEBUG] Balance factor -1
[06/06/23 21:30:12][DEBUG] After insert inner ended
[06/06/23 21:30:12][INFO] Note created
[06/06/23 21:30:12][DEBUG] created note outside
[06/06/23 21:30:12][INFO] START
[06/06/23 21:30:12][INFO] Current node { 1, 1 }
[06/06/23 21:30:12][DEBUG] Leaf
[06/06/23 21:30:12][INFO] left_bound { 0, 0 } right bound { 2, 0 }
[06/06/23 21:30:12][INFO] ENDED
[06/06/23 21:30:12][DEBUG] read note range outside
[06/06/23 21:30:12][DEBUG] EnD
[06/06/23 21:30:12][INFO] Message processed
[06/06/23 21:30:14][DEBUG] Allocated allocator with 2048000 bytes of memory at 0x7f7888838010
[06/06/23 21:30:14][DEBUG] Start finding memory block for allocator with size 56 bytes
[06/06/23 21:30:14][DEBUG] Found first fit block with size 56 at 0x7f7888838050
[06/06/23 21:30:14][DEBUG] Allocated block 40 bytes of memory at 0x7f7888838050
[06/06/23 21:30:14][DEBUG] Start finding memory block for allocator with size 88 bytes
[06/06/23 21:30:14][DEBUG] Found first fit block with size 88 at 0x7f78888380a0
[06/06/23 21:30:14][DEBUG] Allocated block 72 bytes of memory at 0x7f78888380a0
[06/06/23 21:30:14][DEBUG] Tree is created
[06/06/23 21:30:14][DEBUG] AVL tree is created
[06/06/23 21:30:14][WARNING] Pool constructor
[06/06/23 21:30:14][INFO] Memory for pool is allocated
[06/06/23 21:30:14][DEBUG] node with existing key. Start creating a replacement node key: Pool
[06/06/23 21:30:14][WARNING] SHIT 
[06/06/23 21:30:14][WARNING] Pool destructor
[06/06/23 21:30:14][DEBUG] [BST] Deallocating tree
[06/06/23 21:30:14][WARNING] Type is 0x7f7888a2d1d0
[06/06/23 21:30:14][WARNING] GIN Scheme
[06/06/23 21:30:14][WARNING] Scheme destructor
[06/06/23 21:30:14][DEBUG] [BST] Deallocating tree
[06/06/23 21:30:14][WARNING] Type is 0x7f7888a2d318
[06/06/23 21:30:14][WARNING] GIN Collection
[06/06/23 21:30:14][WARNING] Collection destructor
[06/06/23 21:30:14][DEBUG] [BST] Deallocating tree
[06/06/23 21:30:14][WARNING] Type is 0x7f7888a2d3a0
[06/06/23 21:30:14][WARNING] GIN { 1, 1 }
[06/06/23 21:30:14][DEBUG] Deallocation complited
[06/06/23 21:30:14][DEBUG] Deallocation complited
[06/06/23 21:30:14][DEBUG] Deallocation complited
[06/06/23 21:30:14][DEBUG] Replaced node is 0x14c3de0
[06/06/23 21:30:14][DEBUG] 0x14c3de0
[06/06/23 21:30:14][DEBUG] ______Fix height______
[06/06/23 21:30:14][DEBUG] Fix height left, right {0, 0}
[06/06/23 21:30:14][DEBUG] Now height is 1
[06/06/23 21:30:14][DEBUG] balance factor has ended
[06/06/23 21:30:14][DEBUG] Balance factor 0
[06/06/23 21:30:14][DEBUG] After insert inner ended
[06/06/23 21:30:14][INFO] Pool created
[06/06/23 21:30:14][DEBUG] created pool outside
[06/06/23 21:30:14][DEBUG] Start finding memory block for allocator with size 56 bytes
[06/06/23 21:30:14][DEBUG] Found first fit block with size 56 at 0x7f7888838110
[06/06/23 21:30:14][DEBUG] Allocated block 40 bytes of memory at 0x7f7888838110
[06/06/23 21:30:14][DEBUG] Start finding memory block for allocator with size 88 bytes
[06/06/23 21:30:14][DEBUG] Found first fit block with size 88 at 0x7f7888838160
[06/06/23 21:30:14][DEBUG] Allocated block 72 bytes of memory at 0x7f7888838160
[06/06/23 21:30:14][DEBUG] Tree is created
[06/06/23 21:30:14][DEBUG] AVL tree is created
[06/06/23 21:30:14][WARNING] Scheme constructor
[06/06/23 21:30:14][INFO] Memory for scheme is allocated
[06/06/23 21:30:14][DEBUG] subtree_root_address is nullptr. Start creating a new node
[06/06/23 21:30:14][DEBUG] Start finding memory block for allocator with size 112 bytes
[06/06/23 21:30:14][DEBUG] Found first fit block with size 112 at 0x7f78888381d0
[06/06/23 21:30:14][DEBUG] Allocated block 96 bytes of memory at 0x7f78888381d0
[06/06/23 21:30:14][DEBUG] Created node is 0x7f78888381d0
[06/06/23 21:30:14][DEBUG] 0x7f78888381d0
[06/06/23 21:30:14][DEBUG] ______Fix height______
[06/06/23 21:30:14][DEBUG] Fix height left, right {0, 0}
[06/06/23 21:30:14][DEBUG] Now height is 1
[06/06/23 21:30:14][DEBUG] balance factor has ended
[06/06/23 21:30:14][DEBUG] Balance factor 0
[06/06/23 21:30:14][DEBUG] After insert inner ended
[06/06/23 21:30:14][INFO] Scheme created
[06/06/23 21:30:14][DEBUG] created scheme outside
[06/06/23 21:30:14][DEBUG] Start finding memory block for allocator with size 56 bytes
[06/06/23 21:30:14][DEBUG] Found first fit block with size 56 at 0x7f7888838258
[06/06/23 21:30:14][DEBUG] Allocated block 40 bytes of memory at 0x7f7888838258
[06/06/23 21:30:14][DEBUG] Start finding memory block for allocator with size 88 bytes
[06/06/23 21:30:14][DEBUG] Found first fit block with size 88 at 0x7f78888382a8
[06/06/23 21:30:14][DEBUG] Allocated block 72 bytes of memory at 0x7f78888382a8
[06/06/23 21:30:14][DEBUG] Tree is created
[06/06/23 21:30:14][DEBUG] AVL tree is created
[06/06/23 21:30:14][WARNING] Collection constructor
[06/06/23 21:30:14][INFO] Memory for collection is allocated
[06/06/23 21:30:14][DEBUG] subtree_root_address is nullptr. Start creating a new node
[06/06/23 21:30:14][DEBUG] Start finding memory block for allocator with size 112 bytes
[06/06/23 21:30:14][DEBUG] Found first fit block with size 112 at 0x7f7888838318
[06/06/23 21:30:14][DEBUG] Allocated block 96 bytes of memory at 0x7f7888838318
[06/06/23 21:30:14][DEBUG] Created node is 0x7f7888838318
[06/06/23 21:30:14][DEBUG] 0x7f7888838318
[06/06/23 21:30:14][DEBUG] ______Fix height______
[06/06/23 21:30:14][DEBUG] Fix height left, right {0, 0}
[06/06/23 21:30:14][DEBUG] Now height is 1
[06/06/23 21:30:14][DEBUG] balance factor has ended
[06/06/23 21:30:14][DEBUG] Balance factor 0
[06/06/23 21:30:14][DEBUG] After insert inner ended
[06/06/23 21:30:14][INFO] Collection created
[06/06/23 21:30:14][DEBUG] created collection outside
[06/06/23 21:30:14][DEBUG] subtree_root_address is nullptr. Start creating a new node
[06/06/23 21:30:14][DEBUG] Start finding memory block for allocator with size 320 bytes
[06/06/23 21:30:14][DEBUG] Found first fit block with size 320 at 0x7f78888383a0
[06/06/23 21:30:14][DEBUG] Allocated block 304 bytes of memory at 0x7f78888383a0
[06/06/23 21:30:14][DEBUG] Created node is 0x7f78888383a0
[06/06/23 21:30:14][DEBUG] 0x7f78888383a0
[06/06/23 21:30:14][DEBUG] ______Fix height______
[06/06/23 21:30:14][DEBUG] Fix height left, right {0, 0}
[06/06/23 21:30:14][DEBUG] Now height is 1
[06/06/23 21:30:14][DEBUG] balance factor has ended
[06/06/23 21:30:14][DEBUG] Balance factor 0
[06/06/23 21:30:14][DEBUG] After insert inner ended
[06/06/23 21:30:14][INFO] Note created
[06/06/23 21:30:14][DEBUG] created note outside
[06/06/23 21:30:14][DEBUG] Move right
[06/06/23 21:30:14][DEBUG] subtree_root_address is nullptr. Start creating a new node
[06/06/23 21:30:14][DEBUG] Start finding memory block for allocator with size 320 bytes
[06/06/23 21:30:14][DEBUG] Found first fit block with size 320 at 0x7f78888384f8
[06/06/23 21:30:14][DEBUG] Allocated block 304 bytes of memory at 0x7f78888384f8
[06/06/23 21:30:14][DEBUG] Created node is 0x7f78888384f8
[06/06/23 21:30:14][DEBUG] 0x7f78888384f8
[06/06/23 21:30:14][DEBUG] ______Fix height______
[06/06/23 21:30:14][DEBUG] Fix height left, right {0, 0}
[06/06/23 21:30:14][DEBUG] Now height is 1
[06/06/23 21:30:14][DEBUG] balance factor has ended
[06/06/23 21:30:14][DEBUG] Balance factor 0
[06/06/23 21:30:14][DEBUG] After insert inner ended
[06/06/23 21:30:14][DEBUG] after inner #3
[06/06/23 21:30:14][DEBUG] 0x7f78888383a0
[06/06/23 21:30:14][DEBUG] ______Fix height______
[06/06/23 21:30:14][DEBUG] Fix height left, right {0, 1}
[06/06/23 21:30:14][DEBUG] Now height is 2
[06/06/23 21:30:14][DEBUG] balance factor has ended
[06/06/23 21:30:14][DEBUG] Balance factor -1
[06/06/23 21:30:14][DEBUG] After insert inner ended
[06/06/23 21:30:14][INFO] Note created
[06/06/23 21:30:14][DEBUG] created note outside
[06/06/23 21:30:14][INFO] START
[06/06/23 21:30:14][INFO] Current node { 1, 1 }
[06/06/23 21:30:14][DEBUG] Leaf
[06/06/23 21:30:14][INFO] left_bound { 0, 0 } right bound { 2, 0 }
[06/06/23 21:30:14][INFO] ENDED
[06/06/23 21:30:14][DEBUG] read note range outside
[06/06/23 21:30:14][DEBUG] EnD
[06/06/23 21:30:14][INFO] Message processed
[06/06/23 21:30:15][WARNING] Database destructor
[06/06/23 21:30:15][DEBUG] [BST] Deallocating tree
[06/06/23 21:30:15][WARNING] Type is 0x14c3de0
[06/06/23 21:30:15][WARNING] GIN Pool
[06/06/23 21:30:15][WARNING] Pool destructor
[06/06/23 21:30:15][DEBUG] [BST] Deallocating tree
[06/06/23 21:30:15][WARNING] Type is 0x7f78888381d0
[06/06/23 21:30:15][WARNING] GIN Scheme
[06/06/23 21:30:15][WARNING] Scheme destructor
[06/06/23 21:30:15][DEBUG] [BST] Deallocating tree
[06/06/23 21:30:15][WARNING] Type is 0x7f7888838318
[06/06/23 21:30:15][WARNING] GIN Collection
[06/06/23 21:30:15][WARNING] Collection destructor
[06/06/23 21:30:15][DEBUG] [BST] Deallocating tree
[06/06/23 21:30:15][WARNING] Type is 0x7f78888383a0
[06/06/23 21:30:15][WARNING] GIN { 1, 1 }
[06/06/23 21:30:15][DEBUG] Deallocation complited
[06/06/23 21:30:15][DEBUG] Deallocation complited
[06/06/23 21:30:15][DEBUG] Deallocation complited
[06/06/23 21:30:15][DEBUG] Deallocation complited
