[06/06/23 01:32:59][WARNING] Database constructor
[06/06/23 01:33:02][WARNING] Pool constructor
[06/06/23 01:33:02][INFO] Memory for pool is allocated
[06/06/23 01:33:02][INFO] Pool created
[06/06/23 01:33:02][WARNING] Pool constructor
[06/06/23 01:33:02][INFO] Memory for pool is allocated
[06/06/23 01:33:02][INFO] Pool created
[06/06/23 01:33:02][WARNING] Pool constructor
[06/06/23 01:33:02][INFO] Memory for pool is allocated
[06/06/23 01:33:02][INFO] Pool created
[06/06/23 01:33:02][WARNING] Scheme constructor
[06/06/23 01:33:02][INFO] Memory for scheme is allocated
[06/06/23 01:33:02][INFO] Scheme created
[06/06/23 01:33:02][WARNING] Collection constructor
[06/06/23 01:33:02][INFO] Memory for collection is allocated
[06/06/23 01:33:02][INFO] Collection created
[06/06/23 01:33:02][WARNING] Scheme constructor
[06/06/23 01:33:02][INFO] Memory for scheme is allocated
[06/06/23 01:33:02][INFO] Scheme created
[06/06/23 01:33:02][WARNING] Collection constructor
[06/06/23 01:33:02][INFO] Memory for collection is allocated
[06/06/23 01:33:02][INFO] Collection created
[06/06/23 01:33:02][WARNING] Collection constructor
[06/06/23 01:33:02][INFO] Memory for collection is allocated
[06/06/23 01:33:02][INFO] Collection created
[06/06/23 01:33:02][INFO] Note created
[06/06/23 01:33:02][INFO] Note created
[06/06/23 01:33:02][INFO] Note created
[06/06/23 01:33:02][INFO] Note created
[06/06/23 01:33:02][INFO] Note created
[06/06/23 01:33:02][INFO] Note created
[06/06/23 01:33:02][INFO] START
[06/06/23 01:33:02][INFO] START
[06/06/23 01:33:02][INFO] Current node { 3, 1 }
[06/06/23 01:33:02][INFO] Current node { 3, 1 }
[06/06/23 01:33:02][INFO] { 2, 1 } == { 2, 1 }
[06/06/23 01:33:02][INFO] left_bound { 2, 1 } right bound { 5, 1 }
[06/06/23 01:33:02][INFO] ENDED
[06/06/23 01:33:02][INFO] Note created
[06/06/23 01:33:02][INFO] Message processed
[06/06/23 01:33:44][INFO] START
[06/06/23 01:33:44][INFO] Current node { 3, 1 }
[06/06/23 01:33:44][INFO] Current node { 3, 1 }
[06/06/23 01:33:44][INFO] { 2, 1 } == { 2, 1 }
[06/06/23 01:33:44][INFO] left_bound { 2, 1 } right bound { 5, 1 }
[06/06/23 01:33:44][INFO] ENDED
[06/06/23 01:33:44][INFO] Note removed
[06/06/23 01:33:44][INFO] START
[06/06/23 01:33:44][INFO] { 2, 1 } == { 2, 1 }
[06/06/23 01:33:44][INFO] left_bound { 2, 1 } right bound { 5, 1 }
[06/06/23 01:33:44][INFO] ENDED
[06/06/23 01:33:44][INFO] Message processed
[06/06/23 01:33:45][WARNING] Database destructor
[06/06/23 01:33:45][WARNING] Pool destructor
[06/06/23 01:33:45][WARNING] Scheme destructor
[06/06/23 01:33:45][WARNING] Collection destructor
[06/06/23 01:33:45][WARNING] Scheme destructor
[06/06/23 01:33:45][WARNING] Collection destructor
[06/06/23 01:33:45][WARNING] Pool destructor
[06/06/23 01:33:45][WARNING] Pool destructor
